<?xml version="1.0" encoding="UTF-8"?>
<!-- Generated by org.testng.reporters.JUnitReportReporter -->
<testsuite hostname="glb-l0899-2.local" name="com.automation.training.AnnotationTests" tests="2" failures="0" timestamp="25 Jan 2017 14:09:41 GMT" time="0.045" errors="0">
  <testcase name="testConcact" time="0.044" classname="com.automation.training.AnnotationTests"/>
  <testcase name="testCount" time="0.001" classname="com.automation.training.AnnotationTests"/>
</testsuite> <!-- com.automation.training.AnnotationTests -->
