<?xml version="1.0" encoding="UTF-8"?>
<!-- Generated by org.testng.reporters.JUnitReportReporter -->
<testsuite hostname="glb-l0899-2.local" name="com.automation.training.tests.WikiTests" tests="1" failures="0" timestamp="26 Jan 2017 13:54:57 GMT" time="3.950" errors="0">
  <testcase name="testWikiSearch" time="3.950" classname="com.automation.training.tests.WikiTests"/>
</testsuite> <!-- com.automation.training.tests.WikiTests -->
